This is pdfTeX, Version 3.1415926-2.4-1.40.13 (TeX Live 2012) (format=pdflatex 2012.10.10)  3 MAR 2013 18:02
entering extended mode
 restricted \write18 enabled.
 %&-line parsing enabled.
**Background.tex
(./Background.tex
LaTeX2e <2011/06/27>
Babel <v3.8m> and hyphenation patterns for english, dumylang, nohyphenation, ge
rman-x-2012-05-30, ngerman-x-2012-05-30, afrikaans, ancientgreek, ibycus, arabi
c, armenian, basque, bulgarian, catalan, pinyin, coptic, croatian, czech, danis
h, dutch, ukenglish, usenglishmax, esperanto, estonian, ethiopic, farsi, finnis
h, french, friulan, galician, german, ngerman, swissgerman, monogreek, greek, h
ungarian, icelandic, assamese, bengali, gujarati, hindi, kannada, malayalam, ma
rathi, oriya, panjabi, tamil, telugu, indonesian, interlingua, irish, italian, 
kurmanji, latin, latvian, lithuanian, mongolian, mongolianlmc, bokmal, nynorsk,
 polish, portuguese, romanian, romansh, russian, sanskrit, serbian, serbianc, s
lovak, slovenian, spanish, swedish, turkish, turkmen, ukrainian, uppersorbian, 
welsh, loaded.
(./l3proj.cls
Document Class: l3proj 2009/01/09 Colin Perkins <csp@dcs.gla.ac.uk>.2009/09/16 
Modified by Tim Storer <tws@dcs.gla.ac.uk> to support non pdf modes.2011/02/23 
Modified by Jeremy.Singer@glasgow.ac.uk to use hyperref.
(/usr/local/texlive/2012/texmf-dist/tex/latex/base/report.cls
Document Class: report 2007/10/19 v1.4h Standard LaTeX document class
(/usr/local/texlive/2012/texmf-dist/tex/latex/base/size11.clo
File: size11.clo 2007/10/19 v1.4h Standard LaTeX file (size option)
)
\c@part=\count79
\c@chapter=\count80
\c@section=\count81
\c@subsection=\count82
\c@subsubsection=\count83
\c@paragraph=\count84
\c@subparagraph=\count85
\c@figure=\count86
\c@table=\count87
\abovecaptionskip=\skip41
\belowcaptionskip=\skip42
\bibindent=\dimen102
)
(/usr/local/texlive/2012/texmf-dist/tex/generic/oberdiek/ifpdf.sty
Package: ifpdf 2011/01/30 v2.3 Provides the ifpdf switch (HO)
Package ifpdf Info: pdfTeX in PDF mode is detected.
)
(/usr/local/texlive/2012/texmf-dist/tex/latex/graphics/graphicx.sty
Package: graphicx 1999/02/16 v1.0f Enhanced LaTeX Graphics (DPC,SPQR)

(/usr/local/texlive/2012/texmf-dist/tex/latex/graphics/keyval.sty
Package: keyval 1999/03/16 v1.13 key=value parser (DPC)
\KV@toks@=\toks14
)
(/usr/local/texlive/2012/texmf-dist/tex/latex/graphics/graphics.sty
Package: graphics 2009/02/05 v1.0o Standard LaTeX Graphics (DPC,SPQR)

(/usr/local/texlive/2012/texmf-dist/tex/latex/graphics/trig.sty
Package: trig 1999/03/16 v1.09 sin cos tan (DPC)
)
(/usr/local/texlive/2012/texmf-dist/tex/latex/latexconfig/graphics.cfg
File: graphics.cfg 2010/04/23 v1.9 graphics configuration of TeX Live
)
Package graphics Info: Driver file: pdftex.def on input line 91.

(/usr/local/texlive/2012/texmf-dist/tex/latex/pdftex-def/pdftex.def
File: pdftex.def 2011/05/27 v0.06d Graphics/color for pdfTeX

(/usr/local/texlive/2012/texmf-dist/tex/generic/oberdiek/infwarerr.sty
Package: infwarerr 2010/04/08 v1.3 Providing info/warning/error messages (HO)
)
(/usr/local/texlive/2012/texmf-dist/tex/generic/oberdiek/ltxcmds.sty
Package: ltxcmds 2011/11/09 v1.22 LaTeX kernel commands for general use (HO)
)
\Gread@gobject=\count88
))
\Gin@req@height=\dimen103
\Gin@req@width=\dimen104
)
(/usr/local/texlive/2012/texmf-dist/tex/latex/psnfss/times.sty
Package: times 2005/04/12 PSNFSS-v9.2a (SPQR) 
)
(/usr/local/texlive/2012/texmf-dist/tex/latex/hyperref/hyperref.sty
Package: hyperref 2012/05/13 v6.82q Hypertext links for LaTeX

(/usr/local/texlive/2012/texmf-dist/tex/generic/oberdiek/hobsub-hyperref.sty
Package: hobsub-hyperref 2012/05/28 v1.13 Bundle oberdiek, subset hyperref (HO)


(/usr/local/texlive/2012/texmf-dist/tex/generic/oberdiek/hobsub-generic.sty
Package: hobsub-generic 2012/05/28 v1.13 Bundle oberdiek, subset generic (HO)
Package: hobsub 2012/05/28 v1.13 Construct package bundles (HO)
Package hobsub Info: Skipping package `infwarerr' (already loaded).
Package hobsub Info: Skipping package `ltxcmds' (already loaded).
Package: ifluatex 2010/03/01 v1.3 Provides the ifluatex switch (HO)
Package ifluatex Info: LuaTeX not detected.
Package: ifvtex 2010/03/01 v1.5 Detect VTeX and its facilities (HO)
Package ifvtex Info: VTeX not detected.
Package: intcalc 2007/09/27 v1.1 Expandable calculations with integers (HO)
Package hobsub Info: Skipping package `ifpdf' (already loaded).
Package: etexcmds 2011/02/16 v1.5 Avoid name clashes with e-TeX commands (HO)
Package etexcmds Info: Could not find \expanded.
(etexcmds)             That can mean that you are not using pdfTeX 1.50 or
(etexcmds)             that some package has redefined \expanded.
(etexcmds)             In the latter case, load this package earlier.
Package: kvsetkeys 2012/04/25 v1.16 Key value parser (HO)
Package: kvdefinekeys 2011/04/07 v1.3 Define keys (HO)
Package: pdftexcmds 2011/11/29 v0.20 Utility functions of pdfTeX for LuaTeX (HO
)
Package pdftexcmds Info: LuaTeX not detected.
Package pdftexcmds Info: \pdf@primitive is available.
Package pdftexcmds Info: \pdf@ifprimitive is available.
Package pdftexcmds Info: \pdfdraftmode found.
Package: pdfescape 2011/11/25 v1.13 Implements pdfTeX's escape features (HO)
Package: bigintcalc 2012/04/08 v1.3 Expandable calculations on big integers (HO
)
Package: bitset 2011/01/30 v1.1 Handle bit-vector datatype (HO)
Package: uniquecounter 2011/01/30 v1.2 Provide unlimited unique counter (HO)
)
Package hobsub Info: Skipping package `hobsub' (already loaded).
Package: letltxmacro 2010/09/02 v1.4 Let assignment for LaTeX macros (HO)
Package: hopatch 2012/05/28 v1.2 Wrapper for package hooks (HO)
Package: xcolor-patch 2011/01/30 xcolor patch
Package: atveryend 2011/06/30 v1.8 Hooks at the very end of document (HO)
Package atveryend Info: \enddocument detected (standard20110627).
Package: atbegshi 2011/10/05 v1.16 At begin shipout hook (HO)
Package: refcount 2011/10/16 v3.4 Data extraction from label references (HO)
Package: hycolor 2011/01/30 v1.7 Color options for hyperref/bookmark (HO)
)
(/usr/local/texlive/2012/texmf-dist/tex/generic/ifxetex/ifxetex.sty
Package: ifxetex 2010/09/12 v0.6 Provides ifxetex conditional
)
(/usr/local/texlive/2012/texmf-dist/tex/latex/oberdiek/kvoptions.sty
Package: kvoptions 2011/06/30 v3.11 Key value format for package options (HO)
)
\@linkdim=\dimen105
\Hy@linkcounter=\count89
\Hy@pagecounter=\count90

(/usr/local/texlive/2012/texmf-dist/tex/latex/hyperref/pd1enc.def
File: pd1enc.def 2012/05/13 v6.82q Hyperref: PDFDocEncoding definition (HO)
)
\Hy@SavedSpaceFactor=\count91

(/usr/local/texlive/2012/texmf-dist/tex/latex/latexconfig/hyperref.cfg
File: hyperref.cfg 2002/06/06 v1.2 hyperref configuration of TeXLive
)
Package hyperref Info: Option `colorlinks' set `true' on input line 3941.
Package hyperref Info: Hyper figures OFF on input line 4062.
Package hyperref Info: Link nesting OFF on input line 4067.
Package hyperref Info: Hyper index ON on input line 4070.
Package hyperref Info: Plain pages OFF on input line 4077.
Package hyperref Info: Backreferencing OFF on input line 4082.
Package hyperref Info: Implicit mode ON; LaTeX internals redefined.
Package hyperref Info: Bookmarks ON on input line 4300.
\c@Hy@tempcnt=\count92

(/usr/local/texlive/2012/texmf-dist/tex/latex/url/url.sty
\Urlmuskip=\muskip10
Package: url 2006/04/12  ver 3.3  Verb mode for urls, etc.
)
LaTeX Info: Redefining \url on input line 4653.
\Fld@menulength=\count93
\Field@Width=\dimen106
\Fld@charsize=\dimen107
Package hyperref Info: Hyper figures OFF on input line 5773.
Package hyperref Info: Link nesting OFF on input line 5778.
Package hyperref Info: Hyper index ON on input line 5781.
Package hyperref Info: backreferencing OFF on input line 5788.
Package hyperref Info: Link coloring ON on input line 5791.
Package hyperref Info: Link coloring with OCG OFF on input line 5798.
Package hyperref Info: PDF/A mode OFF on input line 5803.
LaTeX Info: Redefining \ref on input line 5843.
LaTeX Info: Redefining \pageref on input line 5847.
\Hy@abspage=\count94
\c@Item=\count95
\c@Hfootnote=\count96
)

Package hyperref Message: Driver (autodetected): hpdftex.

(/usr/local/texlive/2012/texmf-dist/tex/latex/hyperref/hpdftex.def
File: hpdftex.def 2012/05/13 v6.82q Hyperref driver for pdfTeX
\Fld@listcount=\count97
\c@bookmark@seq@number=\count98

(/usr/local/texlive/2012/texmf-dist/tex/latex/oberdiek/rerunfilecheck.sty
Package: rerunfilecheck 2011/04/15 v1.7 Rerun checks for auxiliary files (HO)
Package uniquecounter Info: New unique counter `rerunfilecheck' on input line 2
82.
)
\Hy@SectionHShift=\skip43
))
(./Background.aux)
\openout1 = `Background.aux'.

LaTeX Font Info:    Checking defaults for OML/cmm/m/it on input line 8.
LaTeX Font Info:    ... okay on input line 8.
LaTeX Font Info:    Checking defaults for T1/cmr/m/n on input line 8.
LaTeX Font Info:    ... okay on input line 8.
LaTeX Font Info:    Checking defaults for OT1/cmr/m/n on input line 8.
LaTeX Font Info:    ... okay on input line 8.
LaTeX Font Info:    Checking defaults for OMS/cmsy/m/n on input line 8.
LaTeX Font Info:    ... okay on input line 8.
LaTeX Font Info:    Checking defaults for OMX/cmex/m/n on input line 8.
LaTeX Font Info:    ... okay on input line 8.
LaTeX Font Info:    Checking defaults for U/cmr/m/n on input line 8.
LaTeX Font Info:    ... okay on input line 8.
LaTeX Font Info:    Checking defaults for PD1/pdf/m/n on input line 8.
LaTeX Font Info:    ... okay on input line 8.
LaTeX Font Info:    Try loading font information for OT1+ptm on input line 8.

(/usr/local/texlive/2012/texmf-dist/tex/latex/psnfss/ot1ptm.fd
File: ot1ptm.fd 2001/06/04 font definitions for OT1/ptm.
)
(/usr/local/texlive/2012/texmf-dist/tex/context/base/supp-pdf.mkii
[Loading MPS to PDF converter (version 2006.09.02).]
\scratchcounter=\count99
\scratchdimen=\dimen108
\scratchbox=\box26
\nofMPsegments=\count100
\nofMParguments=\count101
\everyMPshowfont=\toks15
\MPscratchCnt=\count102
\MPscratchDim=\dimen109
\MPnumerator=\count103
\makeMPintoPDFobject=\count104
\everyMPtoPDFconversion=\toks16
) (/usr/local/texlive/2012/texmf-dist/tex/latex/oberdiek/epstopdf-base.sty
Package: epstopdf-base 2010/02/09 v2.5 Base part for package epstopdf

(/usr/local/texlive/2012/texmf-dist/tex/latex/oberdiek/grfext.sty
Package: grfext 2010/08/19 v1.1 Manage graphics extensions (HO)
)
Package grfext Info: Graphics extension search list:
(grfext)             [.png,.pdf,.jpg,.mps,.jpeg,.jbig2,.jb2,.PNG,.PDF,.JPG,.JPE
G,.JBIG2,.JB2,.eps]
(grfext)             \AppendGraphicsExtensions on input line 452.

(/usr/local/texlive/2012/texmf-dist/tex/latex/latexconfig/epstopdf-sys.cfg
File: epstopdf-sys.cfg 2010/07/13 v1.3 Configuration of (r)epstopdf for TeX Liv
e
))
\AtBeginShipoutBox=\box27

(/usr/local/texlive/2012/texmf-dist/tex/latex/graphics/color.sty
Package: color 2005/11/14 v1.0j Standard LaTeX Color (DPC)

(/usr/local/texlive/2012/texmf-dist/tex/latex/latexconfig/color.cfg
File: color.cfg 2007/01/18 v1.5 color configuration of teTeX/TeXLive
)
Package color Info: Driver file: pdftex.def on input line 130.
)
Package hyperref Info: Link coloring ON on input line 8.

(/usr/local/texlive/2012/texmf-dist/tex/latex/hyperref/nameref.sty
Package: nameref 2010/04/30 v2.40 Cross-referencing by name of section

(/usr/local/texlive/2012/texmf-dist/tex/generic/oberdiek/gettitlestring.sty
Package: gettitlestring 2010/12/03 v1.4 Cleanup title references (HO)
)
\c@section@level=\count105
)
LaTeX Info: Redefining \ref on input line 8.
LaTeX Info: Redefining \pageref on input line 8.
LaTeX Info: Redefining \nameref on input line 8.

(./Background.out) (./Background.out)
\@outlinefile=\write3
\openout3 = `Background.out'.


<images/CompSci_mono.pdf, id=20, 340.27126pt x 49.18375pt>
File: images/CompSci_mono.pdf Graphic file (type pdf)

<use images/CompSci_mono.pdf>
Package pdftex.def Info: images/CompSci_mono.pdf used on input line 16.
(pdftex.def)             Requested size: 300.43684pt x 9.35004pt.
LaTeX Font Info:    External font `cmex10' loaded for size
(Font)              <12> on input line 16.
LaTeX Font Info:    External font `cmex10' loaded for size
(Font)              <8> on input line 16.
LaTeX Font Info:    External font `cmex10' loaded for size
(Font)              <6> on input line 16.
 [1

{/usr/local/texlive/2012/texmf-var/fonts/map/pdftex/updmap/pdftex.map} <./image
s/CompSci_mono.pdf>]
LaTeX Font Info:    Font shape `OT1/ptm/bx/n' in size <10.95> not available
(Font)              Font shape `OT1/ptm/b/n' tried instead on input line 17.
pdfTeX warning (ext4): destination with the same identifier (name{page.1}) has 
been already used, duplicate ignored
<to be read again> 
                   \relax 
l.21 \end{abstract}
                    [1]
LaTeX Font Info:    Font shape `OT1/ptm/bx/n' in size <14.4> not available
(Font)              Font shape `OT1/ptm/b/n' tried instead on input line 22.
LaTeX Font Info:    External font `cmex10' loaded for size
(Font)              <10.95> on input line 22.
pdfTeX warning (ext4): destination with the same identifier (name{page.1}) has 
been already used, duplicate ignored
<to be read again> 
                   \relax 
l.23 \tableofcontents
                      [1]
LaTeX Font Info:    Font shape `OT1/ptm/bx/n' in size <24.88> not available
(Font)              Font shape `OT1/ptm/b/n' tried instead on input line 23.
 (./Background.toc)
\tf@toc=\write4
\openout4 = `Background.toc'.

 [2

]
Chapter 1.
LaTeX Font Info:    Font shape `OT1/ptm/bx/n' in size <20.74> not available
(Font)              Font shape `OT1/ptm/b/n' tried instead on input line 25.
LaTeX Font Info:    Font shape `OT1/ptm/bx/n' in size <12> not available
(Font)              Font shape `OT1/ptm/b/n' tried instead on input line 33.

</Users/rossadam/Desktop/team-project/Dissertation/images/NHSDrugApp/NHSDrugApp
2.png, id=47, 242.40562pt x 360.59718pt>
File: /Users/rossadam/Desktop/team-project/Dissertation/images/NHSDrugApp/NHSDr
ugApp2.png Graphic file (type png)

<use /Users/rossadam/Desktop/team-project/Dissertation/images/NHSDrugApp/NHSDru
gApp2.png>
Package pdftex.def Info: /Users/rossadam/Desktop/team-project/Dissertation/imag
es/NHSDrugApp/NHSDrugApp2.png used on input line 40.
(pdftex.def)             Requested size: 138.32956pt x 205.78462pt.

</Users/rossadam/Desktop/team-project/Dissertation/images/NHSDrugApp/NHSDrugApp
4.png, id=48, 240.9pt x 360.59718pt>
File: /Users/rossadam/Desktop/team-project/Dissertation/images/NHSDrugApp/NHSDr
ugApp4.png Graphic file (type png)

<use /Users/rossadam/Desktop/team-project/Dissertation/images/NHSDrugApp/NHSDru
gApp4.png>
Package pdftex.def Info: /Users/rossadam/Desktop/team-project/Dissertation/imag
es/NHSDrugApp/NHSDrugApp4.png used on input line 43.
(pdftex.def)             Requested size: 138.32956pt x 207.06665pt.
 [3

 </Users/rossadam/Desktop/team-project/Dissertation/images/NHSDrugApp/NHSDrugAp
p2.png> </Users/rossadam/Desktop/team-project/Dissertation/images/NHSDrugApp/NH
SDrugApp4.png>]
</Users/rossadam/Desktop/team-project/Dissertation/images/VetCalcApp/VetCalcApp
1.png, id=54, 231.11343pt x 400.49625pt>
File: /Users/rossadam/Desktop/team-project/Dissertation/images/VetCalcApp/VetCa
lcApp1.png Graphic file (type png)

<use /Users/rossadam/Desktop/team-project/Dissertation/images/VetCalcApp/VetCal
cApp1.png>
Package pdftex.def Info: /Users/rossadam/Desktop/team-project/Dissertation/imag
es/VetCalcApp/VetCalcApp1.png used on input line 54.
(pdftex.def)             Requested size: 138.32956pt x 239.71294pt.

</Users/rossadam/Desktop/team-project/Dissertation/images/VetCalcApp/VetCalcApp
3.png, id=55, 231.86626pt x 400.49625pt>
File: /Users/rossadam/Desktop/team-project/Dissertation/images/VetCalcApp/VetCa
lcApp3.png Graphic file (type png)

<use /Users/rossadam/Desktop/team-project/Dissertation/images/VetCalcApp/VetCal
cApp3.png>
Package pdftex.def Info: /Users/rossadam/Desktop/team-project/Dissertation/imag
es/VetCalcApp/VetCalcApp3.png used on input line 57.
(pdftex.def)             Requested size: 138.32956pt x 238.93683pt.

</Users/rossadam/Desktop/team-project/Dissertation/images/VetCalcApp/VetCalcApp
4.png, id=56, 231.11343pt x 401.24907pt>
File: /Users/rossadam/Desktop/team-project/Dissertation/images/VetCalcApp/VetCa
lcApp4.png Graphic file (type png)

<use /Users/rossadam/Desktop/team-project/Dissertation/images/VetCalcApp/VetCal
cApp4.png>
Package pdftex.def Info: /Users/rossadam/Desktop/team-project/Dissertation/imag
es/VetCalcApp/VetCalcApp4.png used on input line 60.
(pdftex.def)             Requested size: 138.32956pt x 240.16353pt.

Underfull \hbox (badness 10000) in paragraph at lines 73--80

 []

[4 </Users/rossadam/Desktop/team-project/Dissertation/images/VetCalcApp/VetCalc
App1.png> </Users/rossadam/Desktop/team-project/Dissertation/images/VetCalcApp/
VetCalcApp3.png> </Users/rossadam/Desktop/team-project/Dissertation/images/VetC
alcApp/VetCalcApp4.png>]
</Users/rossadam/Desktop/team-project/Dissertation/images/Bitesize/BitesizeLayo
ut.png, id=62, 729.72626pt x 436.63126pt>
File: /Users/rossadam/Desktop/team-project/Dissertation/images/Bitesize/Bitesiz
eLayout.png Graphic file (type png)

<use /Users/rossadam/Desktop/team-project/Dissertation/images/Bitesize/Bitesize
Layout.png>
Package pdftex.def Info: /Users/rossadam/Desktop/team-project/Dissertation/imag
es/Bitesize/BitesizeLayout.png used on input line 84.
(pdftex.def)             Requested size: 389.04034pt x 232.77927pt.

Underfull \hbox (badness 10000) in paragraph at lines 87--91

 []


</Users/rossadam/Desktop/team-project/Dissertation/images/Bitesize/BitesizeCont
ent.png, id=63, 764.8575pt x 653.44125pt>
File: /Users/rossadam/Desktop/team-project/Dissertation/images/Bitesize/Bitesiz
eContent.png Graphic file (type png)

<use /Users/rossadam/Desktop/team-project/Dissertation/images/Bitesize/Bitesize
Content.png>
Package pdftex.def Info: /Users/rossadam/Desktop/team-project/Dissertation/imag
es/Bitesize/BitesizeContent.png used on input line 95.
(pdftex.def)             Requested size: 389.04034pt x 332.3732pt.

Underfull \hbox (badness 10000) in paragraph at lines 98--103

 []


Underfull \hbox (badness 10000) in paragraph at lines 105--109

 []

[5 </Users/rossadam/Desktop/team-project/Dissertation/images/Bitesize/BitesizeL
ayout.png>]
Underfull \hbox (badness 10000) in paragraph at lines 112--115

 []


</Users/rossadam/Desktop/team-project/Dissertation/images/HotPotatoes/HotLogo.p
ng, id=71, 604.2575pt x 132.495pt>
File: /Users/rossadam/Desktop/team-project/Dissertation/images/HotPotatoes/HotL
ogo.png Graphic file (type png)

<use /Users/rossadam/Desktop/team-project/Dissertation/images/HotPotatoes/HotLo
go.png>
Package pdftex.def Info: /Users/rossadam/Desktop/team-project/Dissertation/imag
es/HotPotatoes/HotLogo.png used on input line 119.
(pdftex.def)             Requested size: 389.04034pt x 85.30394pt.

Underfull \hbox (badness 10000) in paragraph at lines 122--125

 []

Package atveryend Info: Empty hook `BeforeClearDocument' on input line 132.
[6 </Users/rossadam/Desktop/team-project/Dissertation/images/Bitesize/BitesizeC
ontent.png> </Users/rossadam/Desktop/team-project/Dissertation/images/HotPotato
es/HotLogo.png>] [7]
Package atveryend Info: Empty hook `AfterLastShipout' on input line 132.
 (./Background.aux)
Package atveryend Info: Executing hook `AtVeryEndDocument' on input line 132.
Package atveryend Info: Executing hook `AtEndAfterFileList' on input line 132.
Package rerunfilecheck Info: File `Background.out' has not changed.
(rerunfilecheck)             Checksum: 0F9333232096ABFCD123842FA20C37C3;273.
Package atveryend Info: Empty hook `AtVeryVeryEnd' on input line 132.
 ) 
Here is how much of TeX's memory you used:
 5155 strings out of 493488
 79451 string characters out of 3141325
 157807 words of memory out of 3000000
 8390 multiletter control sequences out of 15000+200000
 22776 words of font info for 46 fonts, out of 3000000 for 9000
 957 hyphenation exceptions out of 8191
 36i,8n,28p,1086b,366s stack positions out of 5000i,500n,10000p,200000b,50000s
{/usr/local/texlive/2012/texmf-dist/fonts/enc/dvips/base/8r.enc}</usr/local/t
exlive/2012/texmf-dist/fonts/type1/urw/times/utmb8a.pfb></usr/local/texlive/201
2/texmf-dist/fonts/type1/urw/times/utmr8a.pfb>
Output written on Background.pdf (9 pages, 740989 bytes).
PDF statistics:
 100 PDF objects out of 1000 (max. 8388607)
 77 compressed objects within 1 object stream
 21 named destinations out of 1000 (max. 500000)
 78 words of extra memory for PDF output out of 10000 (max. 10000000)

