This is pdfTeX, Version 3.1415926-2.3-1.40.12 (MiKTeX 2.9) (preloaded format=pdflatex 2012.11.17)  24 FEB 2013 20:55
entering extended mode
**C:/Users/Nicole/Documents/GitHub/team-project/Dissertation/Requirements.tex
(C:/Users/Nicole/Documents/GitHub/team-project/Dissertation/Requirements.tex
LaTeX2e <2011/06/27>
Babel <v3.8m> and hyphenation patterns for english, afrikaans, ancientgreek, ar
abic, armenian, assamese, basque, bengali, bokmal, bulgarian, catalan, coptic, 
croatian, czech, danish, dutch, esperanto, estonian, farsi, finnish, french, ga
lician, german, german-x-2009-06-19, greek, gujarati, hindi, hungarian, iceland
ic, indonesian, interlingua, irish, italian, kannada, kurmanji, lao, latin, lat
vian, lithuanian, malayalam, marathi, mongolian, mongolianlmc, monogreek, ngerm
an, ngerman-x-2009-06-19, nynorsk, oriya, panjabi, pinyin, polish, portuguese, 
romanian, russian, sanskrit, serbian, slovak, slovenian, spanish, swedish, swis
sgerman, tamil, telugu, turkish, turkmen, ukenglish, ukrainian, uppersorbian, u
senglishmax, welsh, loaded.
(C:\Users\Nicole\Documents\GitHub\team-project\Dissertation\l3proj.cls
Document Class: l3proj 2009/01/09 Colin Perkins <csp@dcs.gla.ac.uk>.2009/09/16 
Modified by Tim Storer <tws@dcs.gla.ac.uk> to support non pdf modes.2011/02/23 
Modified by Jeremy.Singer@glasgow.ac.uk to use hyperref.
("C:\Program Files\MiKTeX2 2.9\tex\latex\base\report.cls"
Document Class: report 2007/10/19 v1.4h Standard LaTeX document class
("C:\Program Files\MiKTeX2 2.9\tex\latex\base\size11.clo"
File: size11.clo 2007/10/19 v1.4h Standard LaTeX file (size option)
)
\c@part=\count79
\c@chapter=\count80
\c@section=\count81
\c@subsection=\count82
\c@subsubsection=\count83
\c@paragraph=\count84
\c@subparagraph=\count85
\c@figure=\count86
\c@table=\count87
\abovecaptionskip=\skip41
\belowcaptionskip=\skip42
\bibindent=\dimen102
)
("C:\Program Files\MiKTeX2 2.9\tex\generic\oberdiek\ifpdf.sty"
Package: ifpdf 2011/01/30 v2.3 Provides the ifpdf switch (HO)
Package ifpdf Info: pdfTeX in PDF mode is detected.
)
("C:\Program Files\MiKTeX2 2.9\tex\latex\graphics\graphicx.sty"
Package: graphicx 1999/02/16 v1.0f Enhanced LaTeX Graphics (DPC,SPQR)

("C:\Program Files\MiKTeX2 2.9\tex\latex\graphics\keyval.sty"
Package: keyval 1999/03/16 v1.13 key=value parser (DPC)
\KV@toks@=\toks14
)
("C:\Program Files\MiKTeX2 2.9\tex\latex\graphics\graphics.sty"
Package: graphics 2009/02/05 v1.0o Standard LaTeX Graphics (DPC,SPQR)

("C:\Program Files\MiKTeX2 2.9\tex\latex\graphics\trig.sty"
Package: trig 1999/03/16 v1.09 sin cos tan (DPC)
)
("C:\Program Files\MiKTeX2 2.9\tex\latex\00miktex\graphics.cfg"
File: graphics.cfg 2007/01/18 v1.5 graphics configuration of teTeX/TeXLive
)
Package graphics Info: Driver file: pdftex.def on input line 91.

("C:\Program Files\MiKTeX2 2.9\tex\latex\pdftex-def\pdftex.def"
File: pdftex.def 2011/05/27 v0.06d Graphics/color for pdfTeX

("C:\Program Files\MiKTeX2 2.9\tex\generic\oberdiek\infwarerr.sty"
Package: infwarerr 2010/04/08 v1.3 Providing info/warning/error messages (HO)
)
("C:\Program Files\MiKTeX2 2.9\tex\generic\oberdiek\ltxcmds.sty"
Package: ltxcmds 2011/11/09 v1.22 LaTeX kernel commands for general use (HO)
)
\Gread@gobject=\count88
))
\Gin@req@height=\dimen103
\Gin@req@width=\dimen104
)
("C:\Program Files\MiKTeX2 2.9\tex\latex\psnfss\times.sty"
Package: times 2005/04/12 PSNFSS-v9.2a (SPQR) 
)
("C:\Program Files\MiKTeX2 2.9\tex\latex\hyperref\hyperref.sty"
Package: hyperref 2012/05/13 v6.82q Hypertext links for LaTeX

("C:\Program Files\MiKTeX2 2.9\tex\generic\oberdiek\hobsub-hyperref.sty"
Package: hobsub-hyperref 2012/04/25 v1.12 Bundle oberdiek, subset hyperref (HO)


("C:\Program Files\MiKTeX2 2.9\tex\generic\oberdiek\hobsub-generic.sty"
Package: hobsub-generic 2012/04/25 v1.12 Bundle oberdiek, subset generic (HO)
Package: hobsub 2012/04/25 v1.12 Construct package bundles (HO)
Package hobsub Info: Skipping package `infwarerr' (already loaded).
Package hobsub Info: Skipping package `ltxcmds' (already loaded).
Package: ifluatex 2010/03/01 v1.3 Provides the ifluatex switch (HO)
Package ifluatex Info: LuaTeX not detected.
Package: ifvtex 2010/03/01 v1.5 Detect VTeX and its facilities (HO)
Package ifvtex Info: VTeX not detected.
Package: intcalc 2007/09/27 v1.1 Expandable calculations with integers (HO)
Package hobsub Info: Skipping package `ifpdf' (already loaded).
Package: etexcmds 2011/02/16 v1.5 Avoid name clashes with e-TeX commands (HO)
Package etexcmds Info: Could not find \expanded.
(etexcmds)             That can mean that you are not using pdfTeX 1.50 or
(etexcmds)             that some package has redefined \expanded.
(etexcmds)             In the latter case, load this package earlier.
Package: kvsetkeys 2012/04/25 v1.16 Key value parser (HO)
Package: kvdefinekeys 2011/04/07 v1.3 Define keys (HO)
Package: pdftexcmds 2011/11/29 v0.20 Utility functions of pdfTeX for LuaTeX (HO
)
Package pdftexcmds Info: LuaTeX not detected.
Package pdftexcmds Info: \pdf@primitive is available.
Package pdftexcmds Info: \pdf@ifprimitive is available.
Package pdftexcmds Info: \pdfdraftmode found.
Package: pdfescape 2011/11/25 v1.13 Implements pdfTeX's escape features (HO)
Package: bigintcalc 2012/04/08 v1.3 Expandable calculations on big integers (HO
)
Package: bitset 2011/01/30 v1.1 Handle bit-vector datatype (HO)
Package: uniquecounter 2011/01/30 v1.2 Provide unlimited unique counter (HO)
)
Package hobsub Info: Skipping package `hobsub' (already loaded).
Package: letltxmacro 2010/09/02 v1.4 Let assignment for LaTeX macros (HO)
Package: hopatch 2011/06/24 v1.1 Wrapper for package hooks (HO)
Package: xcolor-patch 2011/01/30 xcolor patch
Package: atveryend 2011/06/30 v1.8 Hooks at the very end of document (HO)
Package atveryend Info: \enddocument detected (standard20110627).
Package: atbegshi 2011/10/05 v1.16 At begin shipout hook (HO)
Package: refcount 2011/10/16 v3.4 Data extraction from label references (HO)
Package: hycolor 2011/01/30 v1.7 Color options for hyperref/bookmark (HO)
)
("C:\Program Files\MiKTeX2 2.9\tex\generic\ifxetex\ifxetex.sty"
Package: ifxetex 2010/09/12 v0.6 Provides ifxetex conditional
)
("C:\Program Files\MiKTeX2 2.9\tex\latex\oberdiek\kvoptions.sty"
Package: kvoptions 2011/06/30 v3.11 Key value format for package options (HO)
)
\@linkdim=\dimen105
\Hy@linkcounter=\count89
\Hy@pagecounter=\count90

("C:\Program Files\MiKTeX2 2.9\tex\latex\hyperref\pd1enc.def"
File: pd1enc.def 2012/05/13 v6.82q Hyperref: PDFDocEncoding definition (HO)
)
\Hy@SavedSpaceFactor=\count91

("C:\Program Files\MiKTeX2 2.9\tex\latex\00miktex\hyperref.cfg"
File: hyperref.cfg 2002/06/06 v1.2 hyperref configuration of TeXLive
)
Package hyperref Info: Option `colorlinks' set `true' on input line 3941.
Package hyperref Info: Hyper figures OFF on input line 4062.
Package hyperref Info: Link nesting OFF on input line 4067.
Package hyperref Info: Hyper index ON on input line 4070.
Package hyperref Info: Plain pages OFF on input line 4077.
Package hyperref Info: Backreferencing OFF on input line 4082.
Package hyperref Info: Implicit mode ON; LaTeX internals redefined.
Package hyperref Info: Bookmarks ON on input line 4300.
\c@Hy@tempcnt=\count92

("C:\Program Files\MiKTeX2 2.9\tex\latex\ltxmisc\url.sty"
\Urlmuskip=\muskip10
Package: url 2006/04/12  ver 3.3  Verb mode for urls, etc.
)
LaTeX Info: Redefining \url on input line 4653.
\Fld@menulength=\count93
\Field@Width=\dimen106
\Fld@charsize=\dimen107
Package hyperref Info: Hyper figures OFF on input line 5773.
Package hyperref Info: Link nesting OFF on input line 5778.
Package hyperref Info: Hyper index ON on input line 5781.
Package hyperref Info: backreferencing OFF on input line 5788.
Package hyperref Info: Link coloring ON on input line 5791.
Package hyperref Info: Link coloring with OCG OFF on input line 5798.
Package hyperref Info: PDF/A mode OFF on input line 5803.
LaTeX Info: Redefining \ref on input line 5843.
LaTeX Info: Redefining \pageref on input line 5847.
\Hy@abspage=\count94
\c@Item=\count95
\c@Hfootnote=\count96
)

Package hyperref Message: Driver (autodetected): hpdftex.

("C:\Program Files\MiKTeX2 2.9\tex\latex\hyperref\hpdftex.def"
File: hpdftex.def 2012/05/13 v6.82q Hyperref driver for pdfTeX
\Fld@listcount=\count97
\c@bookmark@seq@number=\count98

("C:\Program Files\MiKTeX2 2.9\tex\latex\oberdiek\rerunfilecheck.sty"
Package: rerunfilecheck 2011/04/15 v1.7 Rerun checks for auxiliary files (HO)
Package uniquecounter Info: New unique counter `rerunfilecheck' on input line 2
82.
)
\Hy@SectionHShift=\skip43
))
(C:\Users\Nicole\Documents\GitHub\team-project\Dissertation\Requirements.aux)
LaTeX Font Info:    Checking defaults for OML/cmm/m/it on input line 8.
LaTeX Font Info:    ... okay on input line 8.
LaTeX Font Info:    Checking defaults for T1/cmr/m/n on input line 8.
LaTeX Font Info:    ... okay on input line 8.
LaTeX Font Info:    Checking defaults for OT1/cmr/m/n on input line 8.
LaTeX Font Info:    ... okay on input line 8.
LaTeX Font Info:    Checking defaults for OMS/cmsy/m/n on input line 8.
LaTeX Font Info:    ... okay on input line 8.
LaTeX Font Info:    Checking defaults for OMX/cmex/m/n on input line 8.
LaTeX Font Info:    ... okay on input line 8.
LaTeX Font Info:    Checking defaults for U/cmr/m/n on input line 8.
LaTeX Font Info:    ... okay on input line 8.
LaTeX Font Info:    Checking defaults for PD1/pdf/m/n on input line 8.
LaTeX Font Info:    ... okay on input line 8.
LaTeX Font Info:    Try loading font information for OT1+ptm on input line 8.

("C:\Program Files\MiKTeX2 2.9\tex\latex\psnfss\ot1ptm.fd"
File: ot1ptm.fd 2001/06/04 font definitions for OT1/ptm.
)
("C:\Program Files\MiKTeX2 2.9\tex\context\base\supp-pdf.mkii"
[Loading MPS to PDF converter (version 2006.09.02).]
\scratchcounter=\count99
\scratchdimen=\dimen108
\scratchbox=\box26
\nofMPsegments=\count100
\nofMParguments=\count101
\everyMPshowfont=\toks15
\MPscratchCnt=\count102
\MPscratchDim=\dimen109
\MPnumerator=\count103
\makeMPintoPDFobject=\count104
\everyMPtoPDFconversion=\toks16
)
\AtBeginShipoutBox=\box27
 ("C:\Program Files\MiKTeX2 2.9\tex\latex\graphics\color.sty"
Package: color 2005/11/14 v1.0j Standard LaTeX Color (DPC)

("C:\Program Files\MiKTeX2 2.9\tex\latex\00miktex\color.cfg"
File: color.cfg 2007/01/18 v1.5 color configuration of teTeX/TeXLive
)
Package color Info: Driver file: pdftex.def on input line 130.
)
Package hyperref Info: Link coloring ON on input line 8.

("C:\Program Files\MiKTeX2 2.9\tex\latex\hyperref\nameref.sty"
Package: nameref 2010/04/30 v2.40 Cross-referencing by name of section

("C:\Program Files\MiKTeX2 2.9\tex\generic\oberdiek\gettitlestring.sty"
Package: gettitlestring 2010/12/03 v1.4 Cleanup title references (HO)
)
\c@section@level=\count105
)
LaTeX Info: Redefining \ref on input line 8.
LaTeX Info: Redefining \pageref on input line 8.
LaTeX Info: Redefining \nameref on input line 8.

(C:\Users\Nicole\Documents\GitHub\team-project\Dissertation\Requirements.out)
(C:\Users\Nicole\Documents\GitHub\team-project\Dissertation\Requirements.out)
\@outlinefile=\write3

<images/CompSci_mono.pdf, id=55, 340.27126pt x 49.18375pt>
File: images/CompSci_mono.pdf Graphic file (type pdf)

<use images/CompSci_mono.pdf>
Package pdftex.def Info: images/CompSci_mono.pdf used on input line 16.
(pdftex.def)             Requested size: 300.43684pt x 9.35004pt.
LaTeX Font Info:    External font `cmex10' loaded for size
(Font)              <12> on input line 16.
LaTeX Font Info:    External font `cmex10' loaded for size
(Font)              <8> on input line 16.
LaTeX Font Info:    External font `cmex10' loaded for size
(Font)              <6> on input line 16.
 [1

{C:/ProgramData/MiKTeX/2.9/pdftex/config/pdftex.map} <C:/Users/Nicole/Documents
/GitHub/team-project/Dissertation/images/CompSci_mono.pdf>]
Chapter 1.
LaTeX Font Info:    Font shape `OT1/ptm/bx/n' in size <20.74> not available
(Font)              Font shape `OT1/ptm/b/n' tried instead on input line 18.
LaTeX Font Info:    Font shape `OT1/ptm/bx/n' in size <24.88> not available
(Font)              Font shape `OT1/ptm/b/n' tried instead on input line 18.
LaTeX Font Info:    Font shape `OT1/ptm/bx/n' in size <14.4> not available
(Font)              Font shape `OT1/ptm/b/n' tried instead on input line 21.
LaTeX Font Info:    Font shape `OT1/ptm/bx/n' in size <12> not available
(Font)              Font shape `OT1/ptm/b/n' tried instead on input line 25.

<C:/Users/Nicole/Documents/GitHub/team-project/Dissertation/images/NHSDrugApp/N
HSDrugApp2.png, id=65, 242.40562pt x 360.59718pt>
File: C:/Users/Nicole/Documents/GitHub/team-project/Dissertation/images/NHSDrug
App/NHSDrugApp2.png Graphic file (type png)

<use C:/Users/Nicole/Documents/GitHub/team-project/Dissertation/images/NHSDrugA
pp/NHSDrugApp2.png>
Package pdftex.def Info: C:/Users/Nicole/Documents/GitHub/team-project/Disserta
tion/images/NHSDrugApp/NHSDrugApp2.png used on input line 29.
(pdftex.def)             Requested size: 138.32956pt x 205.78462pt.
LaTeX Font Info:    External font `cmex10' loaded for size
(Font)              <10.95> on input line 30.

<C:/Users/Nicole/Documents/GitHub/team-project/Dissertation/images/NHSDrugApp/N
HSDrugApp4.png, id=66, 240.9pt x 360.59718pt>
File: C:/Users/Nicole/Documents/GitHub/team-project/Dissertation/images/NHSDrug
App/NHSDrugApp4.png Graphic file (type png)

<use C:/Users/Nicole/Documents/GitHub/team-project/Dissertation/images/NHSDrugA
pp/NHSDrugApp4.png>
Package pdftex.def Info: C:/Users/Nicole/Documents/GitHub/team-project/Disserta
tion/images/NHSDrugApp/NHSDrugApp4.png used on input line 32.
(pdftex.def)             Requested size: 138.32956pt x 207.06665pt.
pdfTeX warning (ext4): destination with the same identifier (name{page.1}) has 
been already used, duplicate ignored
<to be read again> 
                   \relax 
l.38 
      [1

 <C:/Users/Nicole/Documents/GitHub/team-project/Dissertation/images/NHSDrugApp/
NHSDrugApp2.png> <C:/Users/Nicole/Documents/GitHub/team-project/Dissertation/im
ages/NHSDrugApp/NHSDrugApp4.png>]
<C:/Users/Nicole/Documents/GitHub/team-project/Dissertation/images/VetCalcApp/V
etCalcApp1.png, id=71, 231.11343pt x 400.49625pt>
File: C:/Users/Nicole/Documents/GitHub/team-project/Dissertation/images/VetCalc
App/VetCalcApp1.png Graphic file (type png)

<use C:/Users/Nicole/Documents/GitHub/team-project/Dissertation/images/VetCalcA
pp/VetCalcApp1.png>
Package pdftex.def Info: C:/Users/Nicole/Documents/GitHub/team-project/Disserta
tion/images/VetCalcApp/VetCalcApp1.png used on input line 43.
(pdftex.def)             Requested size: 138.32956pt x 239.71294pt.

<C:/Users/Nicole/Documents/GitHub/team-project/Dissertation/images/VetCalcApp/V
etCalcApp3.png, id=72, 231.86626pt x 400.49625pt>
File: C:/Users/Nicole/Documents/GitHub/team-project/Dissertation/images/VetCalc
App/VetCalcApp3.png Graphic file (type png)

<use C:/Users/Nicole/Documents/GitHub/team-project/Dissertation/images/VetCalcA
pp/VetCalcApp3.png>
Package pdftex.def Info: C:/Users/Nicole/Documents/GitHub/team-project/Disserta
tion/images/VetCalcApp/VetCalcApp3.png used on input line 46.
(pdftex.def)             Requested size: 138.32956pt x 238.93683pt.

<C:/Users/Nicole/Documents/GitHub/team-project/Dissertation/images/VetCalcApp/V
etCalcApp4.png, id=73, 231.11343pt x 401.24907pt>
File: C:/Users/Nicole/Documents/GitHub/team-project/Dissertation/images/VetCalc
App/VetCalcApp4.png Graphic file (type png)

<use C:/Users/Nicole/Documents/GitHub/team-project/Dissertation/images/VetCalcA
pp/VetCalcApp4.png>
Package pdftex.def Info: C:/Users/Nicole/Documents/GitHub/team-project/Disserta
tion/images/VetCalcApp/VetCalcApp4.png used on input line 49.
(pdftex.def)             Requested size: 138.32956pt x 240.16353pt.
 [2 <C:/Users/Nicole/Documents/GitHub/team-project/Dissertation/images/VetCalcA
pp/VetCalcApp1.png> <C:/Users/Nicole/Documents/GitHub/team-project/Dissertation
/images/VetCalcApp/VetCalcApp3.png> <C:/Users/Nicole/Documents/GitHub/team-proj
ect/Dissertation/images/VetCalcApp/VetCalcApp4.png>]
LaTeX Font Info:    Try loading font information for OMS+ptm on input line 65.

("C:\Program Files\MiKTeX2 2.9\tex\latex\psnfss\omsptm.fd"
File: omsptm.fd 
)
LaTeX Font Info:    Font shape `OMS/ptm/m/n' in size <10.95> not available
(Font)              Font shape `OMS/cmsy/m/n' tried instead on input line 65.
LaTeX Font Info:    Font shape `OT1/ptm/bx/n' in size <10.95> not available
(Font)              Font shape `OT1/ptm/b/n' tried instead on input line 78.

Underfull \hbox (badness 10000) in paragraph at lines 78--79

 []


Underfull \hbox (badness 10000) in paragraph at lines 91--92

 []


Underfull \hbox (badness 10000) in paragraph at lines 103--104

 []

[3]
<C:/Users/Nicole/Documents/GitHub/team-project/Dissertation/images/Student.png,
 id=83, 336.50719pt x 300.3722pt>
File: C:/Users/Nicole/Documents/GitHub/team-project/Dissertation/images/Student
.png Graphic file (type png)

<use C:/Users/Nicole/Documents/GitHub/team-project/Dissertation/images/Student.
png>
Package pdftex.def Info: C:/Users/Nicole/Documents/GitHub/team-project/Disserta
tion/images/Student.png used on input line 126.
(pdftex.def)             Requested size: 168.25317pt x 150.18571pt.

<C:/Users/Nicole/Documents/GitHub/team-project/Dissertation/images/UserAdmin.pn
g, id=84, 339.51843pt x 289.83281pt>
File: C:/Users/Nicole/Documents/GitHub/team-project/Dissertation/images/UserAdm
in.png Graphic file (type png)

<use C:/Users/Nicole/Documents/GitHub/team-project/Dissertation/images/UserAdmi
n.png>
Package pdftex.def Info: C:/Users/Nicole/Documents/GitHub/team-project/Disserta
tion/images/UserAdmin.png used on input line 133.
(pdftex.def)             Requested size: 169.75879pt x 144.91605pt.

<C:/Users/Nicole/Documents/GitHub/team-project/Dissertation/images/ContentAdmin
.png, id=85, 497.60907pt x 337.26pt>
File: C:/Users/Nicole/Documents/GitHub/team-project/Dissertation/images/Content
Admin.png Graphic file (type png)

<use C:/Users/Nicole/Documents/GitHub/team-project/Dissertation/images/ContentA
dmin.png>
Package pdftex.def Info: C:/Users/Nicole/Documents/GitHub/team-project/Disserta
tion/images/ContentAdmin.png used on input line 142.
(pdftex.def)             Requested size: 248.80392pt x 168.62958pt.
 [4 <C:/Users/Nicole/Documents/GitHub/team-project/Dissertation/images/Student.
png (PNG copy)> <C:/Users/Nicole/Documents/GitHub/team-project/Dissertation/ima
ges/UserAdmin.png (PNG copy)>]
Underfull \hbox (badness 10000) in paragraph at lines 148--152

 []


Underfull \hbox (badness 10000) in paragraph at lines 154--158

 []


Underfull \hbox (badness 10000) in paragraph at lines 160--164

 []


Underfull \hbox (badness 10000) in paragraph at lines 166--171

 []


Underfull \hbox (badness 10000) in paragraph at lines 175--179

 []

[5 <C:/Users/Nicole/Documents/GitHub/team-project/Dissertation/images/ContentAd
min.png (PNG copy)>]
Underfull \hbox (badness 10000) in paragraph at lines 180--185

 []


Underfull \hbox (badness 10000) in paragraph at lines 186--191

 []


Underfull \hbox (badness 10000) in paragraph at lines 194--198

 []


Underfull \hbox (badness 10000) in paragraph at lines 200--205

 []


Underfull \hbox (badness 10000) in paragraph at lines 206--211

 []


Underfull \hbox (badness 10000) in paragraph at lines 212--216

 []

[6]
Underfull \hbox (badness 10000) in paragraph at lines 217--222

 []


Underfull \hbox (badness 10000) in paragraph at lines 223--227

 []


Underfull \hbox (badness 10000) in paragraph at lines 228--233

 []


Underfull \hbox (badness 10000) in paragraph at lines 234--239

 []

Package atveryend Info: Empty hook `BeforeClearDocument' on input line 242.
[7]
Package atveryend Info: Empty hook `AfterLastShipout' on input line 242.

(C:\Users\Nicole\Documents\GitHub\team-project\Dissertation\Requirements.aux)
Package atveryend Info: Executing hook `AtVeryEndDocument' on input line 242.
Package atveryend Info: Executing hook `AtEndAfterFileList' on input line 242.
Package rerunfilecheck Info: File `Requirements.out' has not changed.
(rerunfilecheck)             Checksum: 007A7E6A06B7E08206E61D7F9C87BD93;949.
Package atveryend Info: Empty hook `AtVeryVeryEnd' on input line 242.
 ) 
Here is how much of TeX's memory you used:
 5064 strings out of 494045
 78182 string characters out of 3148383
 157180 words of memory out of 3000000
 8293 multiletter control sequences out of 15000+200000
 22269 words of font info for 45 fonts, out of 3000000 for 9000
 715 hyphenation exceptions out of 8191
 36i,8n,28p,1100b,377s stack positions out of 5000i,500n,10000p,200000b,50000s
{C:/Program Files/MiKTeX2 2.9/fonts/enc/dvips/fontname/8r.enc}<C:/Program Fil
es/MiKTeX2 2.9/fonts/type1/public/amsfonts/cm/cmsy10.pfb><C:/Program Files/MiKT
eX2 2.9/fonts/type1/urw/times/utmb8a.pfb><C:/Program Files/MiKTeX2 2.9/fonts/ty
pe1/urw/times/utmr8a.pfb>
Output written on Requirements.pdf (8 pages, 682323 bytes).
PDF statistics:
 122 PDF objects out of 1000 (max. 8388607)
 21 named destinations out of 1000 (max. 500000)
 150 words of extra memory for PDF output out of 10000 (max. 10000000)

